0 info it worked if it ends with ok
1 verbose cli [ '/Users/odyss009/.nvm/versions/node/v6.9.1/bin/node',
1 verbose cli   '/Users/odyss009/.nvm/versions/node/v6.9.1/bin/npm',
1 verbose cli   'run',
1 verbose cli   'build' ]
2 info using npm@3.10.8
3 info using node@v6.9.1
4 verbose run-script [ 'prebuild', 'build', 'postbuild' ]
5 info lifecycle webpack-test@1.0.0~prebuild: webpack-test@1.0.0
6 silly lifecycle webpack-test@1.0.0~prebuild: no script for prebuild, continuing
7 info lifecycle webpack-test@1.0.0~build: webpack-test@1.0.0
8 verbose lifecycle webpack-test@1.0.0~build: unsafe-perm in lifecycle true
9 verbose lifecycle webpack-test@1.0.0~build: PATH: /Users/odyss009/.nvm/versions/node/v6.9.1/lib/node_modules/npm/bin/node-gyp-bin:/Users/odyss009/test/webpack-sample/node_modules/.bin:/Users/odyss009/.nvm/versions/node/v6.9.1/bin:/usr/local/sbin:/Users/odyss009/google-cloud-sdk/bin:/Users/odyss009/.rbenv/shims:/Users/odyss009/.jenv/shims:/usr/local/bin:/usr/bin:/bin:/usr/sbin:/sbin:/opt/X11/bin:/usr/local/share/dotnet:/Library/TeX/texbin
10 verbose lifecycle webpack-test@1.0.0~build: CWD: /Users/odyss009/test/webpack-sample
11 silly lifecycle webpack-test@1.0.0~build: Args: [ '-c', 'NODE_ENV=production webpack --progress' ]
12 silly lifecycle webpack-test@1.0.0~build: Returned: code: 1  signal: null
13 info lifecycle webpack-test@1.0.0~build: Failed to exec build script
14 verbose stack Error: webpack-test@1.0.0 build: `NODE_ENV=production webpack --progress`
14 verbose stack Exit status 1
14 verbose stack     at EventEmitter.<anonymous> (/Users/odyss009/.nvm/versions/node/v6.9.1/lib/node_modules/npm/lib/utils/lifecycle.js:255:16)
14 verbose stack     at emitTwo (events.js:106:13)
14 verbose stack     at EventEmitter.emit (events.js:191:7)
14 verbose stack     at ChildProcess.<anonymous> (/Users/odyss009/.nvm/versions/node/v6.9.1/lib/node_modules/npm/lib/utils/spawn.js:40:14)
14 verbose stack     at emitTwo (events.js:106:13)
14 verbose stack     at ChildProcess.emit (events.js:191:7)
14 verbose stack     at maybeClose (internal/child_process.js:877:16)
14 verbose stack     at Process.ChildProcess._handle.onexit (internal/child_process.js:226:5)
15 verbose pkgid webpack-test@1.0.0
16 verbose cwd /Users/odyss009/test/webpack-sample
17 error Darwin 15.6.0
18 error argv "/Users/odyss009/.nvm/versions/node/v6.9.1/bin/node" "/Users/odyss009/.nvm/versions/node/v6.9.1/bin/npm" "run" "build"
19 error node v6.9.1
20 error npm  v3.10.8
21 error code ELIFECYCLE
22 error webpack-test@1.0.0 build: `NODE_ENV=production webpack --progress`
22 error Exit status 1
23 error Failed at the webpack-test@1.0.0 build script 'NODE_ENV=production webpack --progress'.
23 error Make sure you have the latest version of node.js and npm installed.
23 error If you do, this is most likely a problem with the webpack-test package,
23 error not with npm itself.
23 error Tell the author that this fails on your system:
23 error     NODE_ENV=production webpack --progress
23 error You can get information on how to open an issue for this project with:
23 error     npm bugs webpack-test
23 error Or if that isn't available, you can get their info via:
23 error     npm owner ls webpack-test
23 error There is likely additional logging output above.
24 verbose exit [ 1, true ]
